<?xml version="1.0" encoding="UTF-8"?>
<testng-results ignored="0" total="1" passed="1" failed="0" skipped="0">
  <reporter-output>
  </reporter-output>
  <suite started-at="2021-05-26T02:03:19Z" name="Suite" finished-at="2021-05-26T02:03:22Z" duration-ms="3093">
    <groups>
      <group name="cucumber">
        <method signature="AbstractTestNGCucumberTests.runScenario(io.cucumber.testng.PickleWrapper, io.cucumber.testng.FeatureWrapper)[pri:0, instance:com.test.Runner@30f842ca]" name="runScenario" class="io.cucumber.testng.AbstractTestNGCucumberTests"/>
      </group> <!-- cucumber -->
    </groups>
    <test started-at="2021-05-26T02:03:19Z" name="Test" finished-at="2021-05-26T02:03:22Z" duration-ms="3093">
      <class name="com.test.Runner">
        <test-method is-config="true" signature="setUpClass()[pri:0, instance:com.test.Runner@30f842ca]" started-at="2021-05-26T02:03:19Z" name="setUpClass" finished-at="2021-05-26T02:03:20Z" duration-ms="1217" status="PASS">
          <reporter-output>
          </reporter-output>
        </test-method> <!-- setUpClass -->
        <test-method signature="runScenario(io.cucumber.testng.PickleWrapper, io.cucumber.testng.FeatureWrapper)[pri:0, instance:com.test.Runner@30f842ca]" started-at="2021-05-26T02:03:20Z" name="runScenario" description="Runs Cucumber Scenarios" data-provider="scenarios" finished-at="2021-05-26T02:03:21Z" duration-ms="793" status="PASS">
          <params>
            <param index="0">
              <value>
                <![CDATA["login"]]>
              </value>
            </param>
            <param index="1">
              <value>
                <![CDATA["Optional[Login function]"]]>
              </value>
            </param>
          </params>
          <reporter-output>
          </reporter-output>
        </test-method> <!-- runScenario -->
        <test-method is-config="true" signature="tearDownClass()[pri:0, instance:com.test.Runner@30f842ca]" started-at="2021-05-26T02:03:21Z" name="tearDownClass" finished-at="2021-05-26T02:03:22Z" duration-ms="1044" status="PASS">
          <reporter-output>
          </reporter-output>
        </test-method> <!-- tearDownClass -->
      </class> <!-- com.test.Runner -->
    </test> <!-- Test -->
  </suite> <!-- Suite -->
</testng-results>
